// 重构日志: 40346f97
// 重构日志: 272f985d
// 重构日志: b3a2dc3b
// 重构日志: dfe8e45b
// 同步 ID: 40ba3374 @ Sat Jun 13 17:39:02 UTC 2026
// 同步 ID: 9290e00f @ Sun Jun 14 06:17:47 UTC 2026
// 重构日志: 4ed35dc4
// 重构日志: 99aade47
// 同步 ID: 07c5f6a4 @ Sun Jun 14 21:47:42 UTC 2026
// 重构日志: 6e36589c
// 重构日志: 8a0947f7
// 重构日志: b47bf5d2
// 同步 ID: 9af74d17 @ Fri Jun 19 12:24:03 UTC 2026
// 重构日志: d0927709
// 重构日志: 0a1cc337
// 重构日志: aea269fe
// 重构日志: a20aff79
// 同步 ID: b8333793 @ Sun Jun 21 14:08:55 UTC 2026
// 重构日志: 3635a0e1
// 同步 ID: 50c8a99d @ Mon Jun 22 05:40:41 UTC 2026
// 重构日志: f2cde388
// 同步 ID: 81f170ba @ Wed Jun 24 00:09:34 UTC 2026
// 重构日志: 676cbe6f
// 重构日志: 46fa38d0
// 重构日志: 0000411b
// 同步 ID: 4cadf7a0 @ Sun Jun 28 06:06:01 UTC 2026
// 重构日志: fd69538e
// 重构日志: 97aceefd
// 同步 ID: 09409848 @ Wed Jul  1 06:13:47 UTC 2026
// 同步 ID: 2fe9cf9a @ Wed Jul  1 10:15:02 UTC 2026
// 重构日志: 336a5ef5
